Analysis & Elaboration report for Problema2
Tue Aug 17 10:12:26 2021
Quartus Prime Version 20.1.1 Build 720 11/11/2020 SJ Lite Edition


---------------------
; Table of Contents ;
---------------------
  1. Legal Notice
  2. Analysis & Elaboration Summary
  3. Parallel Compilation
  4. Analysis & Elaboration Settings
  5. Port Connectivity Checks: "sumador_4:sum"
  6. Analysis & Elaboration Messages



----------------
; Legal Notice ;
----------------
Copyright (C) 2020  Intel Corporation. All rights reserved.
Your use of Intel Corporation's design tools, logic functions 
and other software and tools, and any partner logic 
functions, and any output files from any of the foregoing 
(including device programming or simulation files), and any 
associated documentation or information are expressly subject 
to the terms and conditions of the Intel Program License 
Subscription Agreement, the Intel Quartus Prime License Agreement,
the Intel FPGA IP License Agreement, or other applicable license
agreement, including, without limitation, that your use is for
the sole purpose of programming logic devices manufactured by
Intel and sold by Intel or its authorized distributors.  Please
refer to the applicable agreement for further details, at
https://fpgasoftware.intel.com/eula.



+-----------------------------------------------------------------------------+
; Analysis & Elaboration Summary                                              ;
+-------------------------------+---------------------------------------------+
; Analysis & Elaboration Status ; Successful - Tue Aug 17 10:12:26 2021       ;
; Quartus Prime Version         ; 20.1.1 Build 720 11/11/2020 SJ Lite Edition ;
; Revision Name                 ; Problema2                                   ;
; Top-level Entity Name         ; sumador_4_tb                                ;
; Family                        ; Cyclone V                                   ;
; Logic utilization (in ALMs)   ; N/A until Partition Merge                   ;
; Total registers               ; N/A until Partition Merge                   ;
; Total pins                    ; N/A until Partition Merge                   ;
; Total virtual pins            ; N/A until Partition Merge                   ;
; Total block memory bits       ; N/A until Partition Merge                   ;
; Total PLLs                    ; N/A until Partition Merge                   ;
; Total DLLs                    ; N/A until Partition Merge                   ;
+-------------------------------+---------------------------------------------+


+------------------------------------------+
; Parallel Compilation                     ;
+----------------------------+-------------+
; Processors                 ; Number      ;
+----------------------------+-------------+
; Number detected on machine ; 12          ;
; Maximum allowed            ; 6           ;
;                            ;             ;
; Average used               ; 1.00        ;
; Maximum used               ; 1           ;
;                            ;             ;
; Usage by Processor         ; % Time Used ;
;     Processor 1            ; 100.0%      ;
+----------------------------+-------------+


+---------------------------------------------------------------------------------------------------------------------------+
; Analysis & Elaboration Settings                                                                                           ;
+---------------------------------------------------------------------------------+--------------------+--------------------+
; Option                                                                          ; Setting            ; Default Value      ;
+---------------------------------------------------------------------------------+--------------------+--------------------+
; Device                                                                          ; 5CSEMA5F31C6       ;                    ;
; Top-level entity name                                                           ; sumador_4_tb       ; Problema2          ;
; Family name                                                                     ; Cyclone V          ; Cyclone V          ;
; Use smart compilation                                                           ; Off                ; Off                ;
; Enable parallel Assembler and Timing Analyzer during compilation                ; On                 ; On                 ;
; Enable compact report table                                                     ; Off                ; Off                ;
; Restructure Multiplexers                                                        ; Auto               ; Auto               ;
; MLAB Add Timing Constraints For Mixed-Port Feed-Through Mode Setting Don't Care ; Off                ; Off                ;
; Create Debugging Nodes for IP Cores                                             ; Off                ; Off                ;
; Preserve fewer node names                                                       ; On                 ; On                 ;
; Intel FPGA IP Evaluation Mode                                                   ; Enable             ; Enable             ;
; Verilog Version                                                                 ; Verilog_2001       ; Verilog_2001       ;
; VHDL Version                                                                    ; VHDL_1993          ; VHDL_1993          ;
; State Machine Processing                                                        ; Auto               ; Auto               ;
; Safe State Machine                                                              ; Off                ; Off                ;
; Extract Verilog State Machines                                                  ; On                 ; On                 ;
; Extract VHDL State Machines                                                     ; On                 ; On                 ;
; Ignore Verilog initial constructs                                               ; Off                ; Off                ;
; Iteration limit for constant Verilog loops                                      ; 5000               ; 5000               ;
; Iteration limit for non-constant Verilog loops                                  ; 250                ; 250                ;
; Add Pass-Through Logic to Inferred RAMs                                         ; On                 ; On                 ;
; Infer RAMs from Raw Logic                                                       ; On                 ; On                 ;
; Parallel Synthesis                                                              ; On                 ; On                 ;
; DSP Block Balancing                                                             ; Auto               ; Auto               ;
; NOT Gate Push-Back                                                              ; On                 ; On                 ;
; Power-Up Don't Care                                                             ; On                 ; On                 ;
; Remove Redundant Logic Cells                                                    ; Off                ; Off                ;
; Remove Duplicate Registers                                                      ; On                 ; On                 ;
; Ignore CARRY Buffers                                                            ; Off                ; Off                ;
; Ignore CASCADE Buffers                                                          ; Off                ; Off                ;
; Ignore GLOBAL Buffers                                                           ; Off                ; Off                ;
; Ignore ROW GLOBAL Buffers                                                       ; Off                ; Off                ;
; Ignore LCELL Buffers                                                            ; Off                ; Off                ;
; Ignore SOFT Buffers                                                             ; On                 ; On                 ;
; Limit AHDL Integers to 32 Bits                                                  ; Off                ; Off                ;
; Optimization Technique                                                          ; Balanced           ; Balanced           ;
; Carry Chain Length                                                              ; 70                 ; 70                 ;
; Auto Carry Chains                                                               ; On                 ; On                 ;
; Auto Open-Drain Pins                                                            ; On                 ; On                 ;
; Perform WYSIWYG Primitive Resynthesis                                           ; Off                ; Off                ;
; Auto ROM Replacement                                                            ; On                 ; On                 ;
; Auto RAM Replacement                                                            ; On                 ; On                 ;
; Auto DSP Block Replacement                                                      ; On                 ; On                 ;
; Auto Shift Register Replacement                                                 ; Auto               ; Auto               ;
; Allow Shift Register Merging across Hierarchies                                 ; Auto               ; Auto               ;
; Auto Clock Enable Replacement                                                   ; On                 ; On                 ;
; Strict RAM Replacement                                                          ; Off                ; Off                ;
; Allow Synchronous Control Signals                                               ; On                 ; On                 ;
; Force Use of Synchronous Clear Signals                                          ; Off                ; Off                ;
; Auto Resource Sharing                                                           ; Off                ; Off                ;
; Allow Any RAM Size For Recognition                                              ; Off                ; Off                ;
; Allow Any ROM Size For Recognition                                              ; Off                ; Off                ;
; Allow Any Shift Register Size For Recognition                                   ; Off                ; Off                ;
; Use LogicLock Constraints during Resource Balancing                             ; On                 ; On                 ;
; Ignore translate_off and synthesis_off directives                               ; Off                ; Off                ;
; Timing-Driven Synthesis                                                         ; On                 ; On                 ;
; Report Parameter Settings                                                       ; On                 ; On                 ;
; Report Source Assignments                                                       ; On                 ; On                 ;
; Report Connectivity Checks                                                      ; On                 ; On                 ;
; Ignore Maximum Fan-Out Assignments                                              ; Off                ; Off                ;
; Synchronization Register Chain Length                                           ; 3                  ; 3                  ;
; Power Optimization During Synthesis                                             ; Normal compilation ; Normal compilation ;
; HDL message level                                                               ; Level2             ; Level2             ;
; Suppress Register Optimization Related Messages                                 ; Off                ; Off                ;
; Number of Removed Registers Reported in Synthesis Report                        ; 5000               ; 5000               ;
; Number of Swept Nodes Reported in Synthesis Report                              ; 5000               ; 5000               ;
; Number of Inverted Registers Reported in Synthesis Report                       ; 100                ; 100                ;
; Clock MUX Protection                                                            ; On                 ; On                 ;
; Auto Gated Clock Conversion                                                     ; Off                ; Off                ;
; Block Design Naming                                                             ; Auto               ; Auto               ;
; SDC constraint protection                                                       ; Off                ; Off                ;
; Synthesis Effort                                                                ; Auto               ; Auto               ;
; Shift Register Replacement - Allow Asynchronous Clear Signal                    ; On                 ; On                 ;
; Pre-Mapping Resynthesis Optimization                                            ; Off                ; Off                ;
; Analysis & Synthesis Message Level                                              ; Medium             ; Medium             ;
; Disable Register Merging Across Hierarchies                                     ; Auto               ; Auto               ;
; Resource Aware Inference For Block RAM                                          ; On                 ; On                 ;
; Automatic Parallel Synthesis                                                    ; On                 ; On                 ;
; Partial Reconfiguration Bitstream ID                                            ; Off                ; Off                ;
+---------------------------------------------------------------------------------+--------------------+--------------------+


+-------------------------------------------------------------------------------------------------------------------+
; Port Connectivity Checks: "sumador_4:sum"                                                                         ;
+---------+--------+----------+-------------------------------------------------------------------------------------+
; Port    ; Type   ; Severity ; Details                                                                             ;
+---------+--------+----------+-------------------------------------------------------------------------------------+
; a[3]    ; Input  ; Info     ; Stuck at VCC                                                                        ;
; a[2]    ; Input  ; Info     ; Stuck at GND                                                                        ;
; a[1]    ; Input  ; Info     ; Stuck at VCC                                                                        ;
; a[0]    ; Input  ; Info     ; Stuck at GND                                                                        ;
; b[3..2] ; Input  ; Info     ; Stuck at GND                                                                        ;
; b[1]    ; Input  ; Info     ; Stuck at VCC                                                                        ;
; b[0]    ; Input  ; Info     ; Stuck at GND                                                                        ;
; c_in    ; Input  ; Info     ; Stuck at GND                                                                        ;
; c_out   ; Output ; Info     ; Connected to dangling logic. Logic that only feeds a dangling port will be removed. ;
; s       ; Output ; Info     ; Connected to dangling logic. Logic that only feeds a dangling port will be removed. ;
+---------+--------+----------+-------------------------------------------------------------------------------------+


+---------------------------------+
; Analysis & Elaboration Messages ;
+---------------------------------+
Info: *******************************************************************
Info: Running Quartus Prime Analysis & Elaboration
    Info: Version 20.1.1 Build 720 11/11/2020 SJ Lite Edition
    Info: Processing started: Tue Aug 17 10:12:15 2021
Info: Command: quartus_map --read_settings_files=on --write_settings_files=off Problema2 -c Problema2 --analysis_and_elaboration
Warning (18236): Number of processors has not been specified which may cause overloading on shared machines.  Set the global assignment NUM_PARALLEL_PROCESSORS in your QSF to an appropriate value for best performance.
Info (20030): Parallel compilation is enabled and will use 6 of the 6 processors detected
Info (12021): Found 2 design units, including 1 entities, in source file sumador_1.vhd
    Info (12022): Found design unit 1: sumador_1-archSum_1 File: C:/Users/samas/Documents/quartusProjects/Lab2/Problema2/sumador_1.vhd Line: 18
    Info (12023): Found entity 1: sumador_1 File: C:/Users/samas/Documents/quartusProjects/Lab2/Problema2/sumador_1.vhd Line: 13
Info (12021): Found 2 design units, including 1 entities, in source file sumador_1_tb.vhd
    Info (12022): Found design unit 1: sumador_1_tb-arch File: C:/Users/samas/Documents/quartusProjects/Lab2/Problema2/sumador_1_tb.vhd Line: 16
    Info (12023): Found entity 1: sumador_1_tb File: C:/Users/samas/Documents/quartusProjects/Lab2/Problema2/sumador_1_tb.vhd Line: 13
Info (12021): Found 2 design units, including 1 entities, in source file sumador_4.vhd
    Info (12022): Found design unit 1: sumador_4-archSum_4 File: C:/Users/samas/Documents/quartusProjects/Lab2/Problema2/sumador_4.vhd Line: 17
    Info (12023): Found entity 1: sumador_4 File: C:/Users/samas/Documents/quartusProjects/Lab2/Problema2/sumador_4.vhd Line: 12
Info (12021): Found 2 design units, including 1 entities, in source file sumador_4_tb.vhd
    Info (12022): Found design unit 1: sumador_4_tb-arch File: C:/Users/samas/Documents/quartusProjects/Lab2/Problema2/sumador_4_tb.vhd Line: 17
    Info (12023): Found entity 1: sumador_4_tb File: C:/Users/samas/Documents/quartusProjects/Lab2/Problema2/sumador_4_tb.vhd Line: 14
Info (12127): Elaborating entity "sumador_4_tb" for the top level hierarchy
Warning (10036): Verilog HDL or VHDL warning at sumador_4_tb.vhd(18): object "s" assigned a value but never read File: C:/Users/samas/Documents/quartusProjects/Lab2/Problema2/sumador_4_tb.vhd Line: 18
Warning (10036): Verilog HDL or VHDL warning at sumador_4_tb.vhd(19): object "c_out" assigned a value but never read File: C:/Users/samas/Documents/quartusProjects/Lab2/Problema2/sumador_4_tb.vhd Line: 19
Warning (10785): VHDL warning at sumador_4_tb.vhd(23): synthesis ignores all but the first waveform File: C:/Users/samas/Documents/quartusProjects/Lab2/Problema2/sumador_4_tb.vhd Line: 23
Warning (10785): VHDL warning at sumador_4_tb.vhd(25): synthesis ignores all but the first waveform File: C:/Users/samas/Documents/quartusProjects/Lab2/Problema2/sumador_4_tb.vhd Line: 25
Warning (10785): VHDL warning at sumador_4_tb.vhd(30): synthesis ignores all but the first waveform File: C:/Users/samas/Documents/quartusProjects/Lab2/Problema2/sumador_4_tb.vhd Line: 30
Info (12129): Elaborating entity "sumador_4" using architecture "A:archsum_4" for hierarchy "sumador_4:sum" File: C:/Users/samas/Documents/quartusProjects/Lab2/Problema2/sumador_4_tb.vhd Line: 21
Info (12129): Elaborating entity "sumador_1" using architecture "A:archsum_1" for hierarchy "sumador_4:sum|sumador_1:sum0" File: C:/Users/samas/Documents/quartusProjects/Lab2/Problema2/sumador_4.vhd Line: 30
Info: Quartus Prime Analysis & Elaboration was successful. 0 errors, 6 warnings
    Info: Peak virtual memory: 4833 megabytes
    Info: Processing ended: Tue Aug 17 10:12:26 2021
    Info: Elapsed time: 00:00:11
    Info: Total CPU time (on all processors): 00:00:25


