Analysis & Elaboration report for Problema1
Tue Aug 31 13:59:53 2021
Quartus Prime Version 20.1.1 Build 720 11/11/2020 SJ Lite Edition


---------------------
; Table of Contents ;
---------------------
  1. Legal Notice
  2. Analysis & Elaboration Summary
  3. Parallel Compilation
  4. Parameter Settings for User Entity Instance: Top-level Entity: |ALU_tb
  5. Parameter Settings for User Entity Instance: ALU:myAlu
  6. Parameter Settings for User Entity Instance: ALU:myAlu|sumador_n:suma
  7. Parameter Settings for User Entity Instance: ALU:myAlu|restador_n:resta
  8. Analysis & Elaboration Settings
  9. Port Connectivity Checks: "ALU:myAlu|restador_n:resta"
 10. Port Connectivity Checks: "ALU:myAlu|sumador_n:suma"
 11. Port Connectivity Checks: "ALU:myAlu"
 12. Analysis & Elaboration Messages
 13. Analysis & Elaboration Suppressed Messages



----------------
; Legal Notice ;
----------------
Copyright (C) 2020  Intel Corporation. All rights reserved.
Your use of Intel Corporation's design tools, logic functions 
and other software and tools, and any partner logic 
functions, and any output files from any of the foregoing 
(including device programming or simulation files), and any 
associated documentation or information are expressly subject 
to the terms and conditions of the Intel Program License 
Subscription Agreement, the Intel Quartus Prime License Agreement,
the Intel FPGA IP License Agreement, or other applicable license
agreement, including, without limitation, that your use is for
the sole purpose of programming logic devices manufactured by
Intel and sold by Intel or its authorized distributors.  Please
refer to the applicable agreement for further details, at
https://fpgasoftware.intel.com/eula.



+-----------------------------------------------------------------------------+
; Analysis & Elaboration Summary                                              ;
+-------------------------------+---------------------------------------------+
; Analysis & Elaboration Status ; Successful - Tue Aug 31 13:59:53 2021       ;
; Quartus Prime Version         ; 20.1.1 Build 720 11/11/2020 SJ Lite Edition ;
; Revision Name                 ; Problema1                                   ;
; Top-level Entity Name         ; ALU_tb                                      ;
; Family                        ; Cyclone V                                   ;
; Logic utilization (in ALMs)   ; N/A until Partition Merge                   ;
; Total registers               ; N/A until Partition Merge                   ;
; Total pins                    ; N/A until Partition Merge                   ;
; Total virtual pins            ; N/A until Partition Merge                   ;
; Total block memory bits       ; N/A until Partition Merge                   ;
; Total PLLs                    ; N/A until Partition Merge                   ;
; Total DLLs                    ; N/A until Partition Merge                   ;
+-------------------------------+---------------------------------------------+


+------------------------------------------+
; Parallel Compilation                     ;
+----------------------------+-------------+
; Processors                 ; Number      ;
+----------------------------+-------------+
; Number detected on machine ; 12          ;
; Maximum allowed            ; 6           ;
;                            ;             ;
; Average used               ; 1.00        ;
; Maximum used               ; 1           ;
;                            ;             ;
; Usage by Processor         ; % Time Used ;
;     Processor 1            ; 100.0%      ;
+----------------------------+-------------+


+------------------------------------------------------------------------+
; Parameter Settings for User Entity Instance: Top-level Entity: |ALU_tb ;
+----------------+-------+-----------------------------------------------+
; Parameter Name ; Value ; Type                                          ;
+----------------+-------+-----------------------------------------------+
; n              ; 4     ; Signed Integer                                ;
+----------------+-------+-----------------------------------------------+
Note: In order to hide this table in the UI and the text report file, please set the "Show Parameter Settings in Synthesis Report" option in "Analysis and Synthesis Settings -> More Settings" to "Off".


+--------------------------------------------------------+
; Parameter Settings for User Entity Instance: ALU:myAlu ;
+----------------+-------+-------------------------------+
; Parameter Name ; Value ; Type                          ;
+----------------+-------+-------------------------------+
; n              ; 4     ; Signed Integer                ;
+----------------+-------+-------------------------------+
Note: In order to hide this table in the UI and the text report file, please set the "Show Parameter Settings in Synthesis Report" option in "Analysis and Synthesis Settings -> More Settings" to "Off".


+-----------------------------------------------------------------------+
; Parameter Settings for User Entity Instance: ALU:myAlu|sumador_n:suma ;
+----------------+-------+----------------------------------------------+
; Parameter Name ; Value ; Type                                         ;
+----------------+-------+----------------------------------------------+
; N              ; 4     ; Signed Integer                               ;
+----------------+-------+----------------------------------------------+
Note: In order to hide this table in the UI and the text report file, please set the "Show Parameter Settings in Synthesis Report" option in "Analysis and Synthesis Settings -> More Settings" to "Off".


+-------------------------------------------------------------------------+
; Parameter Settings for User Entity Instance: ALU:myAlu|restador_n:resta ;
+----------------+-------+------------------------------------------------+
; Parameter Name ; Value ; Type                                           ;
+----------------+-------+------------------------------------------------+
; N              ; 4     ; Signed Integer                                 ;
+----------------+-------+------------------------------------------------+
Note: In order to hide this table in the UI and the text report file, please set the "Show Parameter Settings in Synthesis Report" option in "Analysis and Synthesis Settings -> More Settings" to "Off".


+---------------------------------------------------------------------------------------------------------------------------+
; Analysis & Elaboration Settings                                                                                           ;
+---------------------------------------------------------------------------------+--------------------+--------------------+
; Option                                                                          ; Setting            ; Default Value      ;
+---------------------------------------------------------------------------------+--------------------+--------------------+
; Device                                                                          ; 5CSEMA5F31C6       ;                    ;
; Top-level entity name                                                           ; ALU_tb             ; Problema1          ;
; Family name                                                                     ; Cyclone V          ; Cyclone V          ;
; Use smart compilation                                                           ; Off                ; Off                ;
; Enable parallel Assembler and Timing Analyzer during compilation                ; On                 ; On                 ;
; Enable compact report table                                                     ; Off                ; Off                ;
; Restructure Multiplexers                                                        ; Auto               ; Auto               ;
; MLAB Add Timing Constraints For Mixed-Port Feed-Through Mode Setting Don't Care ; Off                ; Off                ;
; Create Debugging Nodes for IP Cores                                             ; Off                ; Off                ;
; Preserve fewer node names                                                       ; On                 ; On                 ;
; Intel FPGA IP Evaluation Mode                                                   ; Enable             ; Enable             ;
; Verilog Version                                                                 ; Verilog_2001       ; Verilog_2001       ;
; VHDL Version                                                                    ; VHDL_1993          ; VHDL_1993          ;
; State Machine Processing                                                        ; Auto               ; Auto               ;
; Safe State Machine                                                              ; Off                ; Off                ;
; Extract Verilog State Machines                                                  ; On                 ; On                 ;
; Extract VHDL State Machines                                                     ; On                 ; On                 ;
; Ignore Verilog initial constructs                                               ; Off                ; Off                ;
; Iteration limit for constant Verilog loops                                      ; 5000               ; 5000               ;
; Iteration limit for non-constant Verilog loops                                  ; 250                ; 250                ;
; Add Pass-Through Logic to Inferred RAMs                                         ; On                 ; On                 ;
; Infer RAMs from Raw Logic                                                       ; On                 ; On                 ;
; Parallel Synthesis                                                              ; On                 ; On                 ;
; DSP Block Balancing                                                             ; Auto               ; Auto               ;
; NOT Gate Push-Back                                                              ; On                 ; On                 ;
; Power-Up Don't Care                                                             ; On                 ; On                 ;
; Remove Redundant Logic Cells                                                    ; Off                ; Off                ;
; Remove Duplicate Registers                                                      ; On                 ; On                 ;
; Ignore CARRY Buffers                                                            ; Off                ; Off                ;
; Ignore CASCADE Buffers                                                          ; Off                ; Off                ;
; Ignore GLOBAL Buffers                                                           ; Off                ; Off                ;
; Ignore ROW GLOBAL Buffers                                                       ; Off                ; Off                ;
; Ignore LCELL Buffers                                                            ; Off                ; Off                ;
; Ignore SOFT Buffers                                                             ; On                 ; On                 ;
; Limit AHDL Integers to 32 Bits                                                  ; Off                ; Off                ;
; Optimization Technique                                                          ; Balanced           ; Balanced           ;
; Carry Chain Length                                                              ; 70                 ; 70                 ;
; Auto Carry Chains                                                               ; On                 ; On                 ;
; Auto Open-Drain Pins                                                            ; On                 ; On                 ;
; Perform WYSIWYG Primitive Resynthesis                                           ; Off                ; Off                ;
; Auto ROM Replacement                                                            ; On                 ; On                 ;
; Auto RAM Replacement                                                            ; On                 ; On                 ;
; Auto DSP Block Replacement                                                      ; On                 ; On                 ;
; Auto Shift Register Replacement                                                 ; Auto               ; Auto               ;
; Allow Shift Register Merging across Hierarchies                                 ; Auto               ; Auto               ;
; Auto Clock Enable Replacement                                                   ; On                 ; On                 ;
; Strict RAM Replacement                                                          ; Off                ; Off                ;
; Allow Synchronous Control Signals                                               ; On                 ; On                 ;
; Force Use of Synchronous Clear Signals                                          ; Off                ; Off                ;
; Auto Resource Sharing                                                           ; Off                ; Off                ;
; Allow Any RAM Size For Recognition                                              ; Off                ; Off                ;
; Allow Any ROM Size For Recognition                                              ; Off                ; Off                ;
; Allow Any Shift Register Size For Recognition                                   ; Off                ; Off                ;
; Use LogicLock Constraints during Resource Balancing                             ; On                 ; On                 ;
; Ignore translate_off and synthesis_off directives                               ; Off                ; Off                ;
; Timing-Driven Synthesis                                                         ; On                 ; On                 ;
; Report Parameter Settings                                                       ; On                 ; On                 ;
; Report Source Assignments                                                       ; On                 ; On                 ;
; Report Connectivity Checks                                                      ; On                 ; On                 ;
; Ignore Maximum Fan-Out Assignments                                              ; Off                ; Off                ;
; Synchronization Register Chain Length                                           ; 3                  ; 3                  ;
; Power Optimization During Synthesis                                             ; Normal compilation ; Normal compilation ;
; HDL message level                                                               ; Level2             ; Level2             ;
; Suppress Register Optimization Related Messages                                 ; Off                ; Off                ;
; Number of Removed Registers Reported in Synthesis Report                        ; 5000               ; 5000               ;
; Number of Swept Nodes Reported in Synthesis Report                              ; 5000               ; 5000               ;
; Number of Inverted Registers Reported in Synthesis Report                       ; 100                ; 100                ;
; Clock MUX Protection                                                            ; On                 ; On                 ;
; Auto Gated Clock Conversion                                                     ; Off                ; Off                ;
; Block Design Naming                                                             ; Auto               ; Auto               ;
; SDC constraint protection                                                       ; Off                ; Off                ;
; Synthesis Effort                                                                ; Auto               ; Auto               ;
; Shift Register Replacement - Allow Asynchronous Clear Signal                    ; On                 ; On                 ;
; Pre-Mapping Resynthesis Optimization                                            ; Off                ; Off                ;
; Analysis & Synthesis Message Level                                              ; Medium             ; Medium             ;
; Disable Register Merging Across Hierarchies                                     ; Auto               ; Auto               ;
; Resource Aware Inference For Block RAM                                          ; On                 ; On                 ;
; Automatic Parallel Synthesis                                                    ; On                 ; On                 ;
; Partial Reconfiguration Bitstream ID                                            ; Off                ; Off                ;
+---------------------------------------------------------------------------------+--------------------+--------------------+


+------------------------------------------------------------------------------------------------------------------------------------------------------------------------------------------------------------------+
; Port Connectivity Checks: "ALU:myAlu|restador_n:resta"                                                                                                                                                           ;
+----------+-------+----------+------------------------------------------------------------------------------------------------------------------------------------------------------------------------------------+
; Port     ; Type  ; Severity ; Details                                                                                                                                                                            ;
+----------+-------+----------+------------------------------------------------------------------------------------------------------------------------------------------------------------------------------------+
; c_in     ; Input ; Warning  ; Input port expression (32 bits) is wider than the input port (1 bits) it drives.  The 31 most-significant bit(s) in the expression will be dangling if they have no other fanouts. ;
; c_in[-1] ; Input ; Info     ; Stuck at GND                                                                                                                                                                       ;
+----------+-------+----------+------------------------------------------------------------------------------------------------------------------------------------------------------------------------------------+


+------------------------------------------------------------------------------------------------------------------------------------------------------------------------------------------------------------------+
; Port Connectivity Checks: "ALU:myAlu|sumador_n:suma"                                                                                                                                                             ;
+----------+-------+----------+------------------------------------------------------------------------------------------------------------------------------------------------------------------------------------+
; Port     ; Type  ; Severity ; Details                                                                                                                                                                            ;
+----------+-------+----------+------------------------------------------------------------------------------------------------------------------------------------------------------------------------------------+
; c_in     ; Input ; Warning  ; Input port expression (32 bits) is wider than the input port (1 bits) it drives.  The 31 most-significant bit(s) in the expression will be dangling if they have no other fanouts. ;
; c_in[-1] ; Input ; Info     ; Stuck at GND                                                                                                                                                                       ;
+----------+-------+----------+------------------------------------------------------------------------------------------------------------------------------------------------------------------------------------+


+----------------------------------------------------------------------------------------------------------------+
; Port Connectivity Checks: "ALU:myAlu"                                                                          ;
+------+--------+----------+-------------------------------------------------------------------------------------+
; Port ; Type   ; Severity ; Details                                                                             ;
+------+--------+----------+-------------------------------------------------------------------------------------+
; r    ; Output ; Info     ; Connected to dangling logic. Logic that only feeds a dangling port will be removed. ;
; N    ; Output ; Info     ; Connected to dangling logic. Logic that only feeds a dangling port will be removed. ;
; Z    ; Output ; Info     ; Connected to dangling logic. Logic that only feeds a dangling port will be removed. ;
; C    ; Output ; Info     ; Connected to dangling logic. Logic that only feeds a dangling port will be removed. ;
; V    ; Output ; Info     ; Connected to dangling logic. Logic that only feeds a dangling port will be removed. ;
+------+--------+----------+-------------------------------------------------------------------------------------+


+---------------------------------+
; Analysis & Elaboration Messages ;
+---------------------------------+
Info: *******************************************************************
Info: Running Quartus Prime Analysis & Elaboration
    Info: Version 20.1.1 Build 720 11/11/2020 SJ Lite Edition
    Info: Processing started: Tue Aug 31 13:59:46 2021
Info: Command: quartus_map --read_settings_files=on --write_settings_files=off Problema1 -c Problema1 --analysis_and_elaboration
Warning (18236): Number of processors has not been specified which may cause overloading on shared machines.  Set the global assignment NUM_PARALLEL_PROCESSORS in your QSF to an appropriate value for best performance.
Info (20030): Parallel compilation is enabled and will use 6 of the 6 processors detected
Info (12021): Found 1 design units, including 1 entities, in source file sumador_1.sv
    Info (12023): Found entity 1: sumador_1 File: C:/Users/samas/Documents/GitHub/Taller-de-Diseno-Gr14/Laboratorio-3/Problema1/sumador_1.sv Line: 4
Info (12021): Found 1 design units, including 1 entities, in source file sumador_n.sv
    Info (12023): Found entity 1: sumador_n File: C:/Users/samas/Documents/GitHub/Taller-de-Diseno-Gr14/Laboratorio-3/Problema1/sumador_n.sv Line: 4
Info (12021): Found 1 design units, including 1 entities, in source file sumador_n_tb.sv
    Info (12023): Found entity 1: sumador_n_tb File: C:/Users/samas/Documents/GitHub/Taller-de-Diseno-Gr14/Laboratorio-3/Problema1/sumador_n_tb.sv Line: 4
Info (12021): Found 1 design units, including 1 entities, in source file restador_1.sv
    Info (12023): Found entity 1: restador_1 File: C:/Users/samas/Documents/GitHub/Taller-de-Diseno-Gr14/Laboratorio-3/Problema1/restador_1.sv Line: 4
Info (12021): Found 1 design units, including 1 entities, in source file restador_n.sv
    Info (12023): Found entity 1: restador_n File: C:/Users/samas/Documents/GitHub/Taller-de-Diseno-Gr14/Laboratorio-3/Problema1/restador_n.sv Line: 4
Info (12021): Found 1 design units, including 1 entities, in source file restador_n_tb.sv
    Info (12023): Found entity 1: restador_n_tb File: C:/Users/samas/Documents/GitHub/Taller-de-Diseno-Gr14/Laboratorio-3/Problema1/restador_n_tb.sv Line: 4
Info (12021): Found 1 design units, including 1 entities, in source file shift_right.sv
    Info (12023): Found entity 1: shift_right File: C:/Users/samas/Documents/GitHub/Taller-de-Diseno-Gr14/Laboratorio-3/Problema1/shift_right.sv Line: 4
Info (12021): Found 1 design units, including 1 entities, in source file shigt_right_tb.sv
    Info (12023): Found entity 1: shigt_right_tb File: C:/Users/samas/Documents/GitHub/Taller-de-Diseno-Gr14/Laboratorio-3/Problema1/shigt_right_tb.sv Line: 4
Info (12021): Found 1 design units, including 1 entities, in source file shift_left.sv
    Info (12023): Found entity 1: shift_left File: C:/Users/samas/Documents/GitHub/Taller-de-Diseno-Gr14/Laboratorio-3/Problema1/shift_left.sv Line: 4
Info (12021): Found 1 design units, including 1 entities, in source file shigt_left_tb.sv
    Info (12023): Found entity 1: shigt_left_tb File: C:/Users/samas/Documents/GitHub/Taller-de-Diseno-Gr14/Laboratorio-3/Problema1/shigt_left_tb.sv Line: 4
Info (12021): Found 1 design units, including 1 entities, in source file alu.sv
    Info (12023): Found entity 1: ALU File: C:/Users/samas/Documents/GitHub/Taller-de-Diseno-Gr14/Laboratorio-3/Problema1/ALU.sv Line: 4
Info (12021): Found 1 design units, including 1 entities, in source file alu_tb.sv
    Info (12023): Found entity 1: ALU_tb File: C:/Users/samas/Documents/GitHub/Taller-de-Diseno-Gr14/Laboratorio-3/Problema1/ALU_tb.sv Line: 4
Info (12127): Elaborating entity "ALU_tb" for the top level hierarchy
Info (12128): Elaborating entity "ALU" for hierarchy "ALU:myAlu" File: C:/Users/samas/Documents/GitHub/Taller-de-Diseno-Gr14/Laboratorio-3/Problema1/ALU_tb.sv Line: 11
Warning (10235): Verilog HDL Always Construct warning at ALU.sv(16): variable "resSuma" is read inside the Always Construct but isn't in the Always Construct's Event Control File: C:/Users/samas/Documents/GitHub/Taller-de-Diseno-Gr14/Laboratorio-3/Problema1/ALU.sv Line: 16
Warning (10235): Verilog HDL Always Construct warning at ALU.sv(17): variable "N" is read inside the Always Construct but isn't in the Always Construct's Event Control File: C:/Users/samas/Documents/GitHub/Taller-de-Diseno-Gr14/Laboratorio-3/Problema1/ALU.sv Line: 17
Warning (10235): Verilog HDL Always Construct warning at ALU.sv(18): variable "resResta" is read inside the Always Construct but isn't in the Always Construct's Event Control File: C:/Users/samas/Documents/GitHub/Taller-de-Diseno-Gr14/Laboratorio-3/Problema1/ALU.sv Line: 18
Warning (10230): Verilog HDL assignment warning at ALU.sv(18): truncated value with size 32 to match size of target (4) File: C:/Users/samas/Documents/GitHub/Taller-de-Diseno-Gr14/Laboratorio-3/Problema1/ALU.sv Line: 18
Warning (10235): Verilog HDL Always Construct warning at ALU.sv(21): variable "resResta" is read inside the Always Construct but isn't in the Always Construct's Event Control File: C:/Users/samas/Documents/GitHub/Taller-de-Diseno-Gr14/Laboratorio-3/Problema1/ALU.sv Line: 21
Warning (10270): Verilog HDL Case Statement warning at ALU.sv(15): incomplete case statement has no default case item File: C:/Users/samas/Documents/GitHub/Taller-de-Diseno-Gr14/Laboratorio-3/Problema1/ALU.sv Line: 15
Warning (10240): Verilog HDL Always Construct warning at ALU.sv(14): inferring latch(es) for variable "res", which holds its previous value in one or more paths through the always construct File: C:/Users/samas/Documents/GitHub/Taller-de-Diseno-Gr14/Laboratorio-3/Problema1/ALU.sv Line: 14
Warning (10034): Output port "Z" at ALU.sv(6) has no driver File: C:/Users/samas/Documents/GitHub/Taller-de-Diseno-Gr14/Laboratorio-3/Problema1/ALU.sv Line: 6
Warning (10034): Output port "V" at ALU.sv(6) has no driver File: C:/Users/samas/Documents/GitHub/Taller-de-Diseno-Gr14/Laboratorio-3/Problema1/ALU.sv Line: 6
Info (10041): Inferred latch for "res[0]" at ALU.sv(14) File: C:/Users/samas/Documents/GitHub/Taller-de-Diseno-Gr14/Laboratorio-3/Problema1/ALU.sv Line: 14
Info (10041): Inferred latch for "res[1]" at ALU.sv(14) File: C:/Users/samas/Documents/GitHub/Taller-de-Diseno-Gr14/Laboratorio-3/Problema1/ALU.sv Line: 14
Info (10041): Inferred latch for "res[2]" at ALU.sv(14) File: C:/Users/samas/Documents/GitHub/Taller-de-Diseno-Gr14/Laboratorio-3/Problema1/ALU.sv Line: 14
Info (10041): Inferred latch for "res[3]" at ALU.sv(14) File: C:/Users/samas/Documents/GitHub/Taller-de-Diseno-Gr14/Laboratorio-3/Problema1/ALU.sv Line: 14
Info (12128): Elaborating entity "sumador_n" for hierarchy "ALU:myAlu|sumador_n:suma" File: C:/Users/samas/Documents/GitHub/Taller-de-Diseno-Gr14/Laboratorio-3/Problema1/ALU.sv Line: 9
Info (12128): Elaborating entity "sumador_1" for hierarchy "ALU:myAlu|sumador_n:suma|sumador_1:a_for[0].sum" File: C:/Users/samas/Documents/GitHub/Taller-de-Diseno-Gr14/Laboratorio-3/Problema1/sumador_n.sv Line: 16
Info (12128): Elaborating entity "restador_n" for hierarchy "ALU:myAlu|restador_n:resta" File: C:/Users/samas/Documents/GitHub/Taller-de-Diseno-Gr14/Laboratorio-3/Problema1/ALU.sv Line: 10
Info (12128): Elaborating entity "restador_1" for hierarchy "ALU:myAlu|restador_n:resta|restador_1:a_for[0].res" File: C:/Users/samas/Documents/GitHub/Taller-de-Diseno-Gr14/Laboratorio-3/Problema1/restador_n.sv Line: 16
Warning (12241): 2 hierarchies have connectivity warnings - see the Connectivity Checks report folder
Info (144001): Generated suppressed messages file C:/Users/samas/Documents/GitHub/Taller-de-Diseno-Gr14/Laboratorio-3/Problema1/output_files/Problema1.map.smsg
Info: Quartus Prime Analysis & Elaboration was successful. 0 errors, 11 warnings
    Info: Peak virtual memory: 4765 megabytes
    Info: Processing ended: Tue Aug 31 13:59:53 2021
    Info: Elapsed time: 00:00:07
    Info: Total CPU time (on all processors): 00:00:17


+--------------------------------------------+
; Analysis & Elaboration Suppressed Messages ;
+--------------------------------------------+
The suppressed messages can be found in C:/Users/samas/Documents/GitHub/Taller-de-Diseno-Gr14/Laboratorio-3/Problema1/output_files/Problema1.map.smsg.


